Determining if the pthread_create exist failed with the following output:
Change Dir: /home/caio/catkin_ws/build/indoor_imav/CMakeFiles/CMakeTmp

Run Build Command:"/usr/bin/make" "cmTC_e27f9/fast"
/usr/bin/make -f CMakeFiles/cmTC_e27f9.dir/build.make CMakeFiles/cmTC_e27f9.dir/build
make[1]: Entering directory '/home/caio/catkin_ws/build/indoor_imav/CMakeFiles/CMakeTmp'
Building C object CMakeFiles/cmTC_e27f9.dir/CheckSymbolExists.c.o
/usr/bin/cc     -o CMakeFiles/cmTC_e27f9.dir/CheckSymbolExists.c.o   -c /home/caio/catkin_ws/build/indoor_imav/CMakeFiles/CMakeTmp/CheckSymbolExists.c
Linking C executable cmTC_e27f9
/usr/bin/cmake -E cmake_link_script CMakeFiles/cmTC_e27f9.dir/link.txt --verbose=1
/usr/bin/cc       CMakeFiles/cmTC_e27f9.dir/CheckSymbolExists.c.o  -o cmTC_e27f9 -rdynamic 
CMakeFiles/cmTC_e27f9.dir/CheckSymbolExists.c.o: In function `main':
CheckSymbolExists.c:(.text+0x16): undefined reference to `pthread_create'
collect2: error: ld returned 1 exit status
CMakeFiles/cmTC_e27f9.dir/build.make:97: recipe for target 'cmTC_e27f9' failed
make[1]: *** [cmTC_e27f9] Error 1
make[1]: Leaving directory '/home/caio/catkin_ws/build/indoor_imav/CMakeFiles/CMakeTmp'
Makefile:126: recipe for target 'cmTC_e27f9/fast' failed
make: *** [cmTC_e27f9/fast] Error 2

File /home/caio/catkin_ws/build/indoor_imav/CMakeFiles/CMakeTmp/CheckSymbolExists.c:
/* */
#include <pthread.h>

int main(int argc, char** argv)
{
  (void)argv;
#ifndef pthread_create
  return ((int*)(&pthread_create))[argc];
#else
  (void)argc;
  return 0;
#endif
}

Determining if the function pthread_create exists in the pthreads failed with the following output:
Change Dir: /home/caio/catkin_ws/build/indoor_imav/CMakeFiles/CMakeTmp

Run Build Command:"/usr/bin/make" "cmTC_04b00/fast"
/usr/bin/make -f CMakeFiles/cmTC_04b00.dir/build.make CMakeFiles/cmTC_04b00.dir/build
make[1]: Entering directory '/home/caio/catkin_ws/build/indoor_imav/CMakeFiles/CMakeTmp'
Building C object CMakeFiles/cmTC_04b00.dir/CheckFunctionExists.c.o
/usr/bin/cc    -DCHECK_FUNCTION_EXISTS=pthread_create   -o CMakeFiles/cmTC_04b00.dir/CheckFunctionExists.c.o   -c /usr/share/cmake-3.5/Modules/CheckFunctionExists.c
Linking C executable cmTC_04b00
/usr/bin/cmake -E cmake_link_script CMakeFiles/cmTC_04b00.dir/link.txt --verbose=1
/usr/bin/cc   -DCHECK_FUNCTION_EXISTS=pthread_create    CMakeFiles/cmTC_04b00.dir/CheckFunctionExists.c.o  -o cmTC_04b00 -rdynamic -lpthreads 
/usr/bin/ld: cannot find -lpthreads
collect2: error: ld returned 1 exit status
CMakeFiles/cmTC_04b00.dir/build.make:97: recipe for target 'cmTC_04b00' failed
make[1]: *** [cmTC_04b00] Error 1
make[1]: Leaving directory '/home/caio/catkin_ws/build/indoor_imav/CMakeFiles/CMakeTmp'
Makefile:126: recipe for target 'cmTC_04b00/fast' failed
make: *** [cmTC_04b00/fast] Error 2


