[35m[1mScanning dependencies of target gazebo_ros_template[0m
[  1%] [32mBuilding CXX object CMakeFiles/gazebo_ros_template.dir/src/gazebo_ros_template.cpp.o[0m
[  2%] [32m[1mLinking CXX shared library /home/caio/catkin_ws/devel/.private/gazebo_plugins/lib/libgazebo_ros_template.so[0m
[  2%] Built target gazebo_ros_template
[35m[1mScanning dependencies of target gazebo_ros_vacuum_gripper[0m
[  3%] [32mBuilding CXX object CMakeFiles/gazebo_ros_vacuum_gripper.dir/src/gazebo_ros_vacuum_gripper.cpp.o[0m
[35m[1mScanning dependencies of target gazebo_ros_ft_sensor[0m
[  5%] [32mBuilding CXX object CMakeFiles/gazebo_ros_ft_sensor.dir/src/gazebo_ros_ft_sensor.cpp.o[0m
[  6%] [32m[1mLinking CXX shared library /home/caio/catkin_ws/devel/.private/gazebo_plugins/lib/libgazebo_ros_vacuum_gripper.so[0m
[  6%] Built target gazebo_ros_vacuum_gripper
[35m[1mScanning dependencies of target gazebo_ros_planar_move[0m
[  7%] [32mBuilding CXX object CMakeFiles/gazebo_ros_planar_move.dir/src/gazebo_ros_planar_move.cpp.o[0m
[  9%] [32m[1mLinking CXX shared library /home/caio/catkin_ws/devel/.private/gazebo_plugins/lib/libgazebo_ros_ft_sensor.so[0m
[  9%] Built target gazebo_ros_ft_sensor
[ 10%] [32m[1mLinking CXX shared library /home/caio/catkin_ws/devel/.private/gazebo_plugins/lib/libgazebo_ros_planar_move.so[0m
[ 10%] Built target gazebo_ros_planar_move
[35m[1mScanning dependencies of target gazebo_ros_video[0m
[ 11%] [32mBuilding CXX object CMakeFiles/gazebo_ros_video.dir/src/gazebo_ros_video.cpp.o[0m
[35m[1mScanning dependencies of target gazebo_ros_utils[0m
[ 13%] [32mBuilding CXX object CMakeFiles/gazebo_ros_utils.dir/src/gazebo_ros_utils.cpp.o[0m
[ 14%] [32m[1mLinking CXX shared library /home/caio/catkin_ws/devel/.private/gazebo_plugins/lib/libgazebo_ros_utils.so[0m
[ 14%] Built target gazebo_ros_utils
[ 14%] Built target diagnostic_msgs_generate_messages_nodejs
[ 14%] Built target diagnostic_msgs_generate_messages_py
[ 14%] Built target rosgraph_msgs_generate_messages_nodejs
[ 14%] Built target gazebo_msgs_generate_messages_eus
[ 14%] Built target roscpp_generate_messages_py
[ 14%] Built target roscpp_generate_messages_eus
[ 14%] Built target bond_generate_messages_eus
[ 14%] Built target tf_generate_messages_nodejs
[ 14%] Built target std_srvs_generate_messages_py
[ 14%] Built target std_srvs_generate_messages_nodejs
[ 14%] Built target sensor_msgs_generate_messages_eus
[ 14%] Built target actionlib_msgs_generate_messages_cpp
[ 14%] Built target actionlib_generate_messages_nodejs
[ 14%] Built target sensor_msgs_generate_messages_cpp
[ 14%] Built target roscpp_generate_messages_cpp
[ 14%] Built target std_srvs_generate_messages_eus
[ 14%] Built target tf_generate_messages_cpp
[ 14%] Built target gazebo_msgs_generate_messages_nodejs
[ 14%] Built target std_msgs_generate_messages_nodejs
[ 14%] Built target _catkin_empty_exported_target
[ 14%] Built target dynamic_reconfigure_generate_messages_nodejs
[ 14%] Built target actionlib_generate_messages_cpp
[ 14%] Built target rosgraph_msgs_generate_messages_py
[ 14%] Built target tf_generate_messages_lisp
[ 14%] Built target rosgraph_msgs_generate_messages_lisp
[ 14%] Built target sensor_msgs_generate_messages_py
[ 14%] Built target roscpp_generate_messages_nodejs
[ 14%] Built target std_srvs_generate_messages_cpp
[ 14%] Built target diagnostic_msgs_generate_messages_lisp
[ 14%] Built target gazebo_msgs_generate_messages_lisp
[ 14%] Built target sensor_msgs_generate_messages_lisp
[ 14%] Built target geometry_msgs_generate_messages_py
[ 14%] Built target geometry_msgs_generate_messages_lisp
[ 14%] Built target std_srvs_generate_messages_lisp
[ 14%] Built target bond_generate_messages_py
[ 14%] Built target std_msgs_generate_messages_lisp
[ 14%] Built target geometry_msgs_generate_messages_eus
[ 14%] Built target geometry_msgs_generate_messages_nodejs
[ 14%] Built target rosgraph_msgs_generate_messages_cpp
[ 14%] Built target nodelet_generate_messages_py
[ 14%] Built target diagnostic_msgs_generate_messages_eus
[ 14%] Built target std_msgs_generate_messages_cpp
[ 14%] Built target sensor_msgs_generate_messages_nodejs
[ 14%] Built target gazebo_msgs_generate_messages_py
[ 14%] Built target geometry_msgs_generate_messages_cpp
[ 14%] Built target trajectory_msgs_generate_messages_cpp
[ 14%] Built target roscpp_generate_messages_lisp
[ 14%] Built target trajectory_msgs_generate_messages_eus
[ 14%] Built target rosgraph_msgs_generate_messages_eus
[ 14%] Built target std_msgs_generate_messages_py
[ 14%] Built target nav_msgs_generate_messages_py
[ 14%] Built target trajectory_msgs_generate_messages_lisp
[ 14%] Built target trajectory_msgs_generate_messages_nodejs
[ 14%] Built target polled_camera_generate_messages_cpp
[ 14%] Built target trajectory_msgs_generate_messages_py
[ 14%] Built target polled_camera_generate_messages_lisp
[ 14%] Built target nodelet_generate_messages_cpp
[ 14%] Built target nodelet_generate_messages_eus
[ 14%] Built target tf2_msgs_generate_messages_nodejs
[ 14%] Built target nodelet_generate_messages_lisp
[ 14%] Built target nodelet_generate_messages_nodejs
[ 14%] Built target bond_generate_messages_lisp
[ 14%] Built target bond_generate_messages_cpp
[ 14%] Built target nav_msgs_generate_messages_eus
[ 14%] Built target tf2_msgs_generate_messages_eus
[ 14%] Built target gazebo_msgs_generate_messages_cpp
[ 14%] Built target nav_msgs_generate_messages_lisp
[ 14%] Built target polled_camera_generate_messages_py
[ 14%] Built target actionlib_msgs_generate_messages_eus
[ 14%] Built target actionlib_generate_messages_lisp
[ 14%] Built target actionlib_msgs_generate_messages_lisp
[ 14%] Built target actionlib_msgs_generate_messages_nodejs
[ 14%] Built target tf2_msgs_generate_messages_py
[ 14%] Built target actionlib_msgs_generate_messages_py
[ 14%] Built target tf_generate_messages_eus
[ 14%] Built target tf_generate_messages_py
[ 14%] Built target std_msgs_generate_messages_eus
[ 14%] Built target actionlib_generate_messages_eus
[ 14%] Built target tf2_msgs_generate_messages_cpp
[ 14%] Built target nav_msgs_generate_messages_cpp
[ 14%] Built target dynamic_reconfigure_generate_messages_cpp
[ 14%] Built target tf2_msgs_generate_messages_lisp
[ 14%] Built target bond_generate_messages_nodejs
[ 14%] Built target dynamic_reconfigure_generate_messages_eus
[ 14%] Built target polled_camera_generate_messages_nodejs
[ 14%] Built target dynamic_reconfigure_generate_messages_lisp
[ 14%] Built target actionlib_generate_messages_py
[ 14%] Built target dynamic_reconfigure_gencfg
[ 14%] Built target dynamic_reconfigure_generate_messages_py
[ 14%] Built target polled_camera_generate_messages_eus
[ 14%] Built target nav_msgs_generate_messages_nodejs
[ 14%] Built target diagnostic_msgs_generate_messages_cpp
[35m[1mScanning dependencies of target gazebo_ros_hand_of_god[0m
[35m[1mScanning dependencies of target gazebo_ros_force[0m
[ 15%] [32mBuilding CXX object CMakeFiles/gazebo_ros_hand_of_god.dir/src/gazebo_ros_hand_of_god.cpp.o[0m
[ 17%] [32mBuilding CXX object CMakeFiles/gazebo_ros_force.dir/src/gazebo_ros_force.cpp.o[0m
[ 18%] [32m[1mLinking CXX shared library /home/caio/catkin_ws/devel/.private/gazebo_plugins/lib/libgazebo_ros_hand_of_god.so[0m
[ 19%] [32m[1mLinking CXX shared library /home/caio/catkin_ws/devel/.private/gazebo_plugins/lib/libgazebo_ros_force.so[0m
[ 19%] Built target gazebo_ros_hand_of_god
[ 19%] Built target gazebo_ros_force
[ 21%] [32m[1mLinking CXX shared library /home/caio/catkin_ws/devel/.private/gazebo_plugins/lib/libgazebo_ros_video.so[0m
[ 21%] Built target gazebo_ros_video
[35m[1mScanning dependencies of target gazebo_ros_bumper[0m
[ 22%] [32mBuilding CXX object CMakeFiles/gazebo_ros_bumper.dir/src/gazebo_ros_bumper.cpp.o[0m
[35m[1mScanning dependencies of target gazebo_ros_imu_sensor[0m
[ 23%] [32mBuilding CXX object CMakeFiles/gazebo_ros_imu_sensor.dir/src/gazebo_ros_imu_sensor.cpp.o[0m
[ 25%] [32m[1mLinking CXX shared library /home/caio/catkin_ws/devel/.private/gazebo_plugins/lib/libgazebo_ros_bumper.so[0m
[ 25%] Built target gazebo_ros_bumper
[ 26%] [32m[1mLinking CXX shared library /home/caio/catkin_ws/devel/.private/gazebo_plugins/lib/libgazebo_ros_imu_sensor.so[0m
[ 26%] Built target gazebo_ros_imu_sensor
[35m[1mScanning dependencies of target gazebo_ros_p3d[0m
[ 27%] [32mBuilding CXX object CMakeFiles/gazebo_ros_p3d.dir/src/gazebo_ros_p3d.cpp.o[0m
[ 28%] [32m[1mLinking CXX shared library /home/caio/catkin_ws/devel/.private/gazebo_plugins/lib/libgazebo_ros_p3d.so[0m
[ 28%] Built target gazebo_ros_p3d
[35m[1mScanning dependencies of target gazebo_ros_gpu_laser[0m
[ 30%] [32mBuilding CXX object CMakeFiles/gazebo_ros_gpu_laser.dir/src/gazebo_ros_gpu_laser.cpp.o[0m
[ 35%] Built target gazebo_plugins_gencfg
[ 36%] [32m[1mLinking CXX shared library /home/caio/catkin_ws/devel/.private/gazebo_plugins/lib/libgazebo_ros_gpu_laser.so[0m
[ 36%] Built target gazebo_ros_gpu_laser
[35m[1mScanning dependencies of target MultiCameraPlugin[0m
[ 38%] [32mBuilding CXX object CMakeFiles/MultiCameraPlugin.dir/src/MultiCameraPlugin.cpp.o[0m
[ 39%] [32m[1mLinking CXX shared library /home/caio/catkin_ws/devel/.private/gazebo_plugins/lib/libMultiCameraPlugin.so[0m
[ 39%] Built target MultiCameraPlugin
[35m[1mScanning dependencies of target gazebo_ros_imu[0m
[ 40%] [32mBuilding CXX object CMakeFiles/gazebo_ros_imu.dir/src/gazebo_ros_imu.cpp.o[0m
[35m[1mScanning dependencies of target gazebo_ros_elevator[0m
[ 42%] [32mBuilding CXX object CMakeFiles/gazebo_ros_elevator.dir/src/gazebo_ros_elevator.cpp.o[0m
[ 43%] [32m[1mLinking CXX shared library /home/caio/catkin_ws/devel/.private/gazebo_plugins/lib/libgazebo_ros_imu.so[0m
[35m[1mScanning dependencies of target pub_joint_trajectory_test[0m
[ 44%] [32mBuilding CXX object CMakeFiles/pub_joint_trajectory_test.dir/test/pub_joint_trajectory_test.cpp.o[0m
[ 44%] Built target gazebo_ros_imu
[35m[1mScanning dependencies of target vision_reconfigure[0m
[ 46%] [32mBuilding CXX object CMakeFiles/vision_reconfigure.dir/src/vision_reconfigure.cpp.o[0m
[ 47%] [32m[1mLinking CXX executable /home/caio/catkin_ws/devel/.private/gazebo_plugins/lib/gazebo_plugins/pub_joint_trajectory_test[0m
[ 48%] [32m[1mLinking CXX shared library /home/caio/catkin_ws/devel/.private/gazebo_plugins/lib/libgazebo_ros_elevator.so[0m
[ 48%] Built target pub_joint_trajectory_test
[35m[1mScanning dependencies of target gazebo_ros_f3d[0m
[ 50%] [32mBuilding CXX object CMakeFiles/gazebo_ros_f3d.dir/src/gazebo_ros_f3d.cpp.o[0m
[ 50%] Built target gazebo_ros_elevator
[35m[1mScanning dependencies of target gazebo_ros_joint_trajectory[0m
[ 51%] [32mBuilding CXX object CMakeFiles/gazebo_ros_joint_trajectory.dir/src/gazebo_ros_joint_trajectory.cpp.o[0m
[ 52%] [32m[1mLinking CXX shared library /home/caio/catkin_ws/devel/.private/gazebo_plugins/lib/libvision_reconfigure.so[0m
[ 52%] Built target vision_reconfigure
[35m[1mScanning dependencies of target gazebo_ros_projector[0m
[ 53%] [32mBuilding CXX object CMakeFiles/gazebo_ros_projector.dir/src/gazebo_ros_projector.cpp.o[0m
[ 55%] [32m[1mLinking CXX shared library /home/caio/catkin_ws/devel/.private/gazebo_plugins/lib/libgazebo_ros_f3d.so[0m
[ 55%] Built target gazebo_ros_f3d
[35m[1mScanning dependencies of target hokuyo_node[0m
[ 56%] [32mBuilding CXX object CMakeFiles/hokuyo_node.dir/src/hokuyo_node.cpp.o[0m
[ 57%] [32m[1mLinking CXX shared library /home/caio/catkin_ws/devel/.private/gazebo_plugins/lib/libgazebo_ros_joint_trajectory.so[0m
[ 57%] Built target gazebo_ros_joint_trajectory
[35m[1mScanning dependencies of target gazebo_ros_range[0m
[ 59%] [32mBuilding CXX object CMakeFiles/gazebo_ros_range.dir/src/gazebo_ros_range.cpp.o[0m
[ 60%] [32m[1mLinking CXX executable /home/caio/catkin_ws/devel/.private/gazebo_plugins/lib/gazebo_plugins/hokuyo_node[0m
[ 60%] Built target hokuyo_node
[35m[1mScanning dependencies of target gazebo_ros_joint_pose_trajectory[0m
[ 61%] [32mBuilding CXX object CMakeFiles/gazebo_ros_joint_pose_trajectory.dir/src/gazebo_ros_joint_pose_trajectory.cpp.o[0m
[ 63%] [32m[1mLinking CXX shared library /home/caio/catkin_ws/devel/.private/gazebo_plugins/lib/libgazebo_ros_range.so[0m
[ 63%] Built target gazebo_ros_range
[35m[1mScanning dependencies of target gazebo_ros_block_laser[0m
[ 64%] [32mBuilding CXX object CMakeFiles/gazebo_ros_block_laser.dir/src/gazebo_ros_block_laser.cpp.o[0m
[ 65%] [32m[1mLinking CXX shared library /home/caio/catkin_ws/devel/.private/gazebo_plugins/lib/libgazebo_ros_joint_pose_trajectory.so[0m
[ 65%] Built target gazebo_ros_joint_pose_trajectory
[35m[1mScanning dependencies of target gazebo_ros_skid_steer_drive[0m
[ 67%] [32mBuilding CXX object CMakeFiles/gazebo_ros_skid_steer_drive.dir/src/gazebo_ros_skid_steer_drive.cpp.o[0m
[35m[1mScanning dependencies of target gazebo_ros_laser[0m
[ 68%] [32mBuilding CXX object CMakeFiles/gazebo_ros_laser.dir/src/gazebo_ros_laser.cpp.o[0m
[ 69%] [32m[1mLinking CXX shared library /home/caio/catkin_ws/devel/.private/gazebo_plugins/lib/libgazebo_ros_block_laser.so[0m
[ 69%] Built target gazebo_ros_block_laser
[35m[1mScanning dependencies of target gazebo_ros_tricycle_drive[0m
[ 71%] [32mBuilding CXX object CMakeFiles/gazebo_ros_tricycle_drive.dir/src/gazebo_ros_tricycle_drive.cpp.o[0m
[ 72%] [32m[1mLinking CXX shared library /home/caio/catkin_ws/devel/.private/gazebo_plugins/lib/libgazebo_ros_skid_steer_drive.so[0m
[ 72%] Built target gazebo_ros_skid_steer_drive
[35m[1mScanning dependencies of target gazebo_ros_diff_drive[0m
[ 73%] [32mBuilding CXX object CMakeFiles/gazebo_ros_diff_drive.dir/src/gazebo_ros_diff_drive.cpp.o[0m
[ 75%] [32m[1mLinking CXX shared library /home/caio/catkin_ws/devel/.private/gazebo_plugins/lib/libgazebo_ros_laser.so[0m
[ 75%] Built target gazebo_ros_laser
[35m[1mScanning dependencies of target gazebo_ros_joint_state_publisher[0m
[ 76%] [32mBuilding CXX object CMakeFiles/gazebo_ros_joint_state_publisher.dir/src/gazebo_ros_joint_state_publisher.cpp.o[0m
[ 77%] [32m[1mLinking CXX shared library /home/caio/catkin_ws/devel/.private/gazebo_plugins/lib/libgazebo_ros_projector.so[0m
[ 77%] Built target gazebo_ros_projector
[ 78%] [32m[1mLinking CXX shared library /home/caio/catkin_ws/devel/.private/gazebo_plugins/lib/libgazebo_ros_tricycle_drive.so[0m
[35m[1mScanning dependencies of target gazebo_ros_camera_utils[0m
[ 80%] [32mBuilding CXX object CMakeFiles/gazebo_ros_camera_utils.dir/src/gazebo_ros_camera_utils.cpp.o[0m
[ 80%] Built target gazebo_ros_tricycle_drive
[35m[1mScanning dependencies of target camera_synchronizer[0m
[ 81%] [32mBuilding CXX object CMakeFiles/camera_synchronizer.dir/src/camera_synchronizer.cpp.o[0m
[ 82%] [32m[1mLinking CXX shared library /home/caio/catkin_ws/devel/.private/gazebo_plugins/lib/libgazebo_ros_diff_drive.so[0m
[ 82%] Built target gazebo_ros_diff_drive
[ 84%] [32m[1mLinking CXX executable /home/caio/catkin_ws/devel/.private/gazebo_plugins/lib/gazebo_plugins/camera_synchronizer[0m
[ 84%] Built target camera_synchronizer
[ 85%] [32m[1mLinking CXX shared library /home/caio/catkin_ws/devel/.private/gazebo_plugins/lib/libgazebo_ros_joint_state_publisher.so[0m
[ 85%] Built target gazebo_ros_joint_state_publisher
[ 86%] [32m[1mLinking CXX shared library /home/caio/catkin_ws/devel/.private/gazebo_plugins/lib/libgazebo_ros_camera_utils.so[0m
[ 86%] Built target gazebo_ros_camera_utils
[35m[1mScanning dependencies of target gazebo_ros_openni_kinect[0m
[ 88%] [32mBuilding CXX object CMakeFiles/gazebo_ros_openni_kinect.dir/src/gazebo_ros_openni_kinect.cpp.o[0m
[35m[1mScanning dependencies of target gazebo_ros_depth_camera[0m
[ 89%] [32mBuilding CXX object CMakeFiles/gazebo_ros_depth_camera.dir/src/gazebo_ros_depth_camera.cpp.o[0m
[35m[1mScanning dependencies of target gazebo_ros_multicamera[0m
[ 90%] [32mBuilding CXX object CMakeFiles/gazebo_ros_multicamera.dir/src/gazebo_ros_multicamera.cpp.o[0m
[35m[1mScanning dependencies of target gazebo_ros_camera[0m
[ 92%] [32mBuilding CXX object CMakeFiles/gazebo_ros_camera.dir/src/gazebo_ros_camera.cpp.o[0m
[ 93%] [32m[1mLinking CXX shared library /home/caio/catkin_ws/devel/.private/gazebo_plugins/lib/libgazebo_ros_openni_kinect.so[0m
[ 93%] Built target gazebo_ros_openni_kinect
[35m[1mScanning dependencies of target gazebo_ros_prosilica[0m
[ 94%] [32mBuilding CXX object CMakeFiles/gazebo_ros_prosilica.dir/src/gazebo_ros_prosilica.cpp.o[0m
[ 96%] [32m[1mLinking CXX shared library /home/caio/catkin_ws/devel/.private/gazebo_plugins/lib/libgazebo_ros_depth_camera.so[0m
[ 96%] Built target gazebo_ros_depth_camera
[ 97%] [32m[1mLinking CXX shared library /home/caio/catkin_ws/devel/.private/gazebo_plugins/lib/libgazebo_ros_multicamera.so[0m
[ 97%] Built target gazebo_ros_multicamera
[ 98%] [32m[1mLinking CXX shared library /home/caio/catkin_ws/devel/.private/gazebo_plugins/lib/libgazebo_ros_camera.so[0m
[ 98%] Built target gazebo_ros_camera
[100%] [32m[1mLinking CXX shared library /home/caio/catkin_ws/devel/.private/gazebo_plugins/lib/libgazebo_ros_prosilica.so[0m
[100%] Built target gazebo_ros_prosilica
